# JRE version: OpenJDK Runtime Environment (21.0.10) (build 21.0.10+-14961533-b1163.108)
# Java VM: OpenJDK 64-Bit Server VM (21.0.10+-14961533-b1163.108, mixed mode, tiered, compressed oops, compressed class ptrs, g1 gc, windows-amd64)
GC Precious Log:
 CardTable entry size: 512
 Card Set container configuration: InlinePtr #cards 4 size 8 Array Of Cards #cards 16 size 48 Howl #buckets 8 coarsen threshold 3686 Howl Bitmap #cards 512 size 80 coarsen threshold 460 Card regions per heap region 1 cards per card region 4096
 CPUs: 12 total, 12 available
 Memory: 16024M
 Large Page Support: Disabled
 NUMA Support: Disabled
 Compressed Oops: Enabled (Zero based)
 Heap Region Size: 2M
 Heap Min Capacity: 8M
 Heap Initial Capacity: 252M
 Heap Max Capacity: 4G
 Pre-touch: Disabled
 Parallel Workers: 10
 Concurrent Workers: 3
 Concurrent Refinement Workers: 10
 Periodic GC: Disabled
Heap:
 garbage-first heap   total 788480K, used 353681K [0x0000000700000000, 0x0000000800000000)
  region size 2048K, 93 young (190464K), 11 survivors (22528K)
 Metaspace       used 168171K, committed 170368K, reserved 1245184K
  class space    used 22061K, committed 23104K, reserved 1048576K
GC Heap History (20 events):
Event: 45.217 GC heap before
{Heap before GC invocations=92 (full 0):
 garbage-first heap   total 471040K, used 424963K [0x0000000700000000, 0x0000000800000000)
  region size 2048K, 135 young (276480K), 4 survivors (8192K)
 Metaspace       used 167961K, committed 170176K, reserved 1245184K
  class space    used 22059K, committed 23104K, reserved 1048576K
}
Event: 45.220 GC heap after
{Heap after GC invocations=93 (full 0):
 garbage-first heap   total 471040K, used 163641K [0x0000000700000000, 0x0000000800000000)
  region size 2048K, 5 young (10240K), 5 survivors (10240K)
 Metaspace       used 167961K, committed 170176K, reserved 1245184K
  class space    used 22059K, committed 23104K, reserved 1048576K
}
Event: 45.329 GC heap before
{Heap before GC invocations=93 (full 0):
 garbage-first heap   total 471040K, used 429881K [0x0000000700000000, 0x0000000800000000)
  region size 2048K, 136 young (278528K), 5 survivors (10240K)
 Metaspace       used 167995K, committed 170176K, reserved 1245184K
  class space    used 22059K, committed 23104K, reserved 1048576K
}
Event: 45.336 GC heap after
{Heap after GC invocations=94 (full 0):
 garbage-first heap   total 471040K, used 175936K [0x0000000700000000, 0x0000000800000000)
  region size 2048K, 11 young (22528K), 11 survivors (22528K)
 Metaspace       used 167995K, committed 170176K, reserved 1245184K
  class space    used 22059K, committed 23104K, reserved 1048576K
}
Event: 45.441 GC heap before
{Heap before GC invocations=94 (full 0):
 garbage-first heap   total 471040K, used 433984K [0x0000000700000000, 0x0000000800000000)
  region size 2048K, 135 young (276480K), 11 survivors (22528K)
 Metaspace       used 168036K, committed 170240K, reserved 1245184K
  class space    used 22059K, committed 23104K, reserved 1048576K
}
Event: 45.445 GC heap after
{Heap after GC invocations=95 (full 0):
 garbage-first heap   total 471040K, used 168032K [0x0000000700000000, 0x0000000800000000)
  region size 2048K, 5 young (10240K), 5 survivors (10240K)
 Metaspace       used 168036K, committed 170240K, reserved 1245184K
  class space    used 22059K, committed 23104K, reserved 1048576K
}
Event: 45.549 GC heap before
{Heap before GC invocations=95 (full 0):
 garbage-first heap   total 471040K, used 430176K [0x0000000700000000, 0x0000000800000000)
  region size 2048K, 134 young (274432K), 5 survivors (10240K)
 Metaspace       used 168063K, committed 170240K, reserved 1245184K
  class space    used 22059K, committed 23104K, reserved 1048576K
}
Event: 45.554 GC heap after
{Heap after GC invocations=96 (full 0):
 garbage-first heap   total 620544K, used 171966K [0x0000000700000000, 0x0000000800000000)
  region size 2048K, 7 young (14336K), 7 survivors (14336K)
 Metaspace       used 168063K, committed 170240K, reserved 1245184K
  class space    used 22059K, committed 23104K, reserved 1048576K
}
Event: 45.704 GC heap before
{Heap before GC invocations=96 (full 0):
 garbage-first heap   total 620544K, used 528318K [0x0000000700000000, 0x0000000800000000)
  region size 2048K, 181 young (370688K), 7 survivors (14336K)
 Metaspace       used 168097K, committed 170304K, reserved 1245184K
  class space    used 22059K, committed 23104K, reserved 1048576K
}
Event: 45.710 GC heap after
{Heap after GC invocations=97 (full 0):
 garbage-first heap   total 620544K, used 179439K [0x0000000700000000, 0x0000000800000000)
  region size 2048K, 10 young (20480K), 10 survivors (20480K)
 Metaspace       used 168097K, committed 170304K, reserved 1245184K
  class space    used 22059K, committed 23104K, reserved 1048576K
}
Event: 45.835 GC heap before
{Heap before GC invocations=97 (full 0):
 garbage-first heap   total 620544K, used 527599K [0x0000000700000000, 0x0000000800000000)
  region size 2048K, 181 young (370688K), 10 survivors (20480K)
 Metaspace       used 168137K, committed 170368K, reserved 1245184K
  class space    used 22059K, committed 23104K, reserved 1048576K
}
Event: 45.841 GC heap after
{Heap after GC invocations=98 (full 0):
 garbage-first heap   total 620544K, used 185915K [0x0000000700000000, 0x0000000800000000)
  region size 2048K, 14 young (28672K), 14 survivors (28672K)
 Metaspace       used 168137K, committed 170368K, reserved 1245184K
  class space    used 22059K, committed 23104K, reserved 1048576K
}
Event: 45.962 GC heap before
{Heap before GC invocations=98 (full 0):
 garbage-first heap   total 620544K, used 525883K [0x0000000700000000, 0x0000000800000000)
  region size 2048K, 181 young (370688K), 14 survivors (28672K)
 Metaspace       used 168142K, committed 170368K, reserved 1245184K
  class space    used 22060K, committed 23104K, reserved 1048576K
}
Event: 45.969 GC heap after
{Heap after GC invocations=99 (full 0):
 garbage-first heap   total 620544K, used 188902K [0x0000000700000000, 0x0000000800000000)
  region size 2048K, 14 young (28672K), 14 survivors (28672K)
 Metaspace       used 168142K, committed 170368K, reserved 1245184K
  class space    used 22060K, committed 23104K, reserved 1048576K
}
Event: 46.102 GC heap before
{Heap before GC invocations=99 (full 0):
 garbage-first heap   total 620544K, used 528870K [0x0000000700000000, 0x0000000800000000)
  region size 2048K, 181 young (370688K), 14 survivors (28672K)
 Metaspace       used 168154K, committed 170368K, reserved 1245184K
  class space    used 22061K, committed 23104K, reserved 1048576K
}
Event: 46.109 GC heap after
{Heap after GC invocations=100 (full 0):
 garbage-first heap   total 788480K, used 191837K [0x0000000700000000, 0x0000000800000000)
  region size 2048K, 13 young (26624K), 13 survivors (26624K)
 Metaspace       used 168154K, committed 170368K, reserved 1245184K
  class space    used 22061K, committed 23104K, reserved 1048576K
}
Event: 46.302 GC heap before
{Heap before GC invocations=100 (full 0):
 garbage-first heap   total 788480K, used 638301K [0x0000000700000000, 0x0000000800000000)
  region size 2048K, 231 young (473088K), 13 survivors (26624K)
 Metaspace       used 168155K, committed 170368K, reserved 1245184K
  class space    used 22061K, committed 23104K, reserved 1048576K
}
Event: 46.309 GC heap after
{Heap after GC invocations=101 (full 0):
 garbage-first heap   total 788480K, used 195163K [0x0000000700000000, 0x0000000800000000)
  region size 2048K, 14 young (28672K), 14 survivors (28672K)
 Metaspace       used 168155K, committed 170368K, reserved 1245184K
  class space    used 22061K, committed 23104K, reserved 1048576K
}
Event: 46.500 GC heap before
{Heap before GC invocations=101 (full 0):
 garbage-first heap   total 788480K, used 637531K [0x0000000700000000, 0x0000000800000000)
  region size 2048K, 231 young (473088K), 14 survivors (28672K)
 Metaspace       used 168169K, committed 170368K, reserved 1245184K
  class space    used 22061K, committed 23104K, reserved 1048576K
}
Event: 46.505 GC heap after
{Heap after GC invocations=102 (full 0):
 garbage-first heap   total 788480K, used 187793K [0x0000000700000000, 0x0000000800000000)
  region size 2048K, 11 young (22528K), 11 survivors (22528K)
 Metaspace       used 168169K, committed 170368K, reserved 1245184K
  class space    used 22061K, committed 23104K, reserved 1048576K
}

